<?xml version="1.0" encoding="UTF-8"?>
<testng-results skipped="0" failed="0" ignored="0" total="1" passed="1">
  <reporter-output>
  </reporter-output>
  <suite name="Default suite" duration-ms="11072" started-at="2018-12-17T09:16:45Z" finished-at="2018-12-17T09:16:56Z">
    <groups>
    </groups>
    <test name="Default test" duration-ms="11072" started-at="2018-12-17T09:16:45Z" finished-at="2018-12-17T09:16:56Z">
      <class name="TestNG.Demo">
        <test-method status="PASS" signature="testNoParameter()[pri:0, instance:TestNG.Demo@d2cc05a]" name="testNoParameter" duration-ms="11048" started-at="2018-12-17T09:16:45Z" finished-at="2018-12-17T09:16:56Z">
          <reporter-output>
          </reporter-output>
        </test-method> <!-- testNoParameter -->
      </class> <!-- TestNG.Demo -->
    </test> <!-- Default test -->
  </suite> <!-- Default suite -->
</testng-results>
